<?xml version="1.0" encoding="UTF-8"?>
<!-- Generated by org.testng.reporters.JUnitXMLReporter -->
<testsuite hostname="LAPTOP-42TR0K9P" ignored="0" name="Surefire test" tests="4" failures="0" timestamp="2020-11-10T21:23:29 IST" time="0.049" errors="0">
  <testcase name="Submit on Submit(AirAsia.AirAsiaLearning.AirAsiaLoginTest)" time="0.009" classname="AirAsia.AirAsiaLearning.AirAsiaLoginTest"/>
  <testcase name="loginid on loginid(AirAsia.AirAsiaLearning.AirAsiaLoginTest)" time="0.009" classname="AirAsia.AirAsiaLearning.AirAsiaLoginTest"/>
  <testcase name="password on password(AirAsia.AirAsiaLearning.AirAsiaLoginTest)" time="0.009" classname="AirAsia.AirAsiaLearning.AirAsiaLoginTest"/>
  <testcase name="shouldAnswerWithTrue on shouldAnswerWithTrue(AirAsia.AirAsiaLearning.AppTest)" time="0.001" classname="AirAsia.AirAsiaLearning.AppTest"/>
</testsuite> <!-- Surefire test -->
