<?xml version="1.0" encoding="UTF-8"?>
<!-- Generated by org.testng.reporters.JUnitXMLReporter -->
<testsuite hostname="LAPTOP-42TR0K9P" ignored="0" name="Test" tests="6" failures="0" timestamp="2020-11-10T21:39:07 IST" time="0.052" errors="0">
  <testcase name="Submit" time="0.007" classname="AirAsia.AirAsiaLearning.AirAsiaLoginTest"/>
  <testcase name="loginid" time="0.0" classname="AirAsia.AirAsiaLearning.AirAsiaLoginTest"/>
  <testcase name="password" time="0.001" classname="AirAsia.AirAsiaLearning.AirAsiaLoginTest"/>
  <testcase name="Reg_Address" time="0.001" classname="AirAsia.AirAsiaLearning.AirAsiaRegistration"/>
  <testcase name="Reg_Contact" time="0.001" classname="AirAsia.AirAsiaLearning.AirAsiaRegistration"/>
  <testcase name="Reg_Details" time="0.0" classname="AirAsia.AirAsiaLearning.AirAsiaRegistration"/>
</testsuite> <!-- Test -->
