<?xml version="1.0" encoding="UTF-8"?>
<!-- Generated by org.testng.reporters.JUnitXMLReporter -->
<testsuite hostname="LAPTOP-42TR0K9P" ignored="0" name="Test" tests="3" failures="0" timestamp="2020-11-10T21:40:03 IST" time="0.033" errors="0">
  <testcase name="Submit" time="0.004" classname="AirAsia.AirAsiaLearning.AirAsiaLoginTest"/>
  <testcase name="loginid" time="0.0" classname="AirAsia.AirAsiaLearning.AirAsiaLoginTest"/>
  <testcase name="password" time="0.0" classname="AirAsia.AirAsiaLearning.AirAsiaLoginTest"/>
</testsuite> <!-- Test -->
