<?xml version="1.0" encoding="UTF-8"?>
<testng-results skipped="0" failed="0" ignored="0" total="3" passed="3">
  <reporter-output>
  </reporter-output>
  <suite name="Suite" duration-ms="33" started-at="2020-11-10T21:40:03 IST" finished-at="2020-11-10T21:40:03 IST">
    <groups>
    </groups>
    <test name="Test" duration-ms="33" started-at="2020-11-10T21:40:03 IST" finished-at="2020-11-10T21:40:03 IST">
      <class name="AirAsia.AirAsiaLearning.AirAsiaLoginTest">
        <test-method status="PASS" signature="Submit()[pri:0, instance:AirAsia.AirAsiaLearning.AirAsiaLoginTest@2d928643]" name="Submit" duration-ms="4" started-at="2020-11-10T21:40:03 IST" finished-at="2020-11-10T21:40:03 IST">
          <reporter-output>
          </reporter-output>
        </test-method> <!-- Submit -->
        <test-method status="PASS" signature="loginid()[pri:0, instance:AirAsia.AirAsiaLearning.AirAsiaLoginTest@2d928643]" name="loginid" duration-ms="0" started-at="2020-11-10T21:40:03 IST" finished-at="2020-11-10T21:40:03 IST">
          <reporter-output>
          </reporter-output>
        </test-method> <!-- loginid -->
        <test-method status="PASS" signature="password()[pri:0, instance:AirAsia.AirAsiaLearning.AirAsiaLoginTest@2d928643]" name="password" duration-ms="0" started-at="2020-11-10T21:40:03 IST" finished-at="2020-11-10T21:40:03 IST">
          <reporter-output>
          </reporter-output>
        </test-method> <!-- password -->
      </class> <!-- AirAsia.AirAsiaLearning.AirAsiaLoginTest -->
    </test> <!-- Test -->
  </suite> <!-- Suite -->
</testng-results>
